<?xml version="1.0" encoding="UTF-8"?>
<!-- Generated by org.testng.reporters.JUnitReportReporter -->
<testsuite skipped="0" hostname="CDC2-D-6S9HH92" name="advance.search" tests="1" failures="0" timestamp="31 Jul 2019 10:06:12 GMT" time="16.215" errors="0">
  <testcase name="f" time="16.215" classname="advance.search"/>
</testsuite> <!-- advance.search -->
