<?xml version="1.0" encoding="UTF-8"?>
<!-- Generated by org.testng.reporters.JUnitReportReporter -->
<testsuite skipped="0" hostname="CDC2-D-6S9HH92" name="advance.excel" tests="1" failures="0" timestamp="31 Jul 2019 07:08:24 GMT" time="0.680" errors="0">
  <testcase name="readdata" time="0.680" classname="advance.excel"/>
</testsuite> <!-- advance.excel -->
