<?xml version="1.0" encoding="UTF-8"?>
<!-- Generated by org.testng.reporters.JUnitReportReporter -->
<testsuite skipped="0" hostname="CDC2-D-6S9HH92" name="test.logintestcase" tests="1" failures="0" timestamp="01 Aug 2019 05:31:22 GMT" time="65.099" errors="0">
  <testcase name="f" time="65.099" classname="test.logintestcase"/>
</testsuite> <!-- test.logintestcase -->
