<?xml version="1.0" encoding="UTF-8"?>
<!-- Generated by org.testng.reporters.JUnitReportReporter -->
<testsuite skipped="0" hostname="CDC2-D-6S9HH92" name="advance.webdriver" tests="1" failures="0" timestamp="31 Jul 2019 09:54:43 GMT" time="0.142" errors="0">
  <testcase name="f" time="0.142" classname="advance.webdriver"/>
</testsuite> <!-- advance.webdriver -->
