<?xml version="1.0" encoding="UTF-8"?>
<!-- Generated by org.testng.reporters.JUnitReportReporter -->
<testsuite skipped="0" hostname="CDC2-D-6S9HH92" name="advance.Actionsdemo" tests="1" failures="0" timestamp="02 Aug 2019 04:45:25 GMT" time="27.980" errors="0">
  <testcase name="f" time="27.980" classname="advance.Actionsdemo"/>
</testsuite> <!-- advance.Actionsdemo -->
