<?xml version="1.0" encoding="UTF-8"?>
<!-- Generated by org.testng.reporters.JUnitReportReporter -->
<testsuite skipped="0" hostname="CDC2-D-6S9HH92" name="advance.switchto" tests="1" failures="0" timestamp="02 Aug 2019 04:04:43 GMT" time="28.752" errors="0">
  <testcase name="f" time="28.752" classname="advance.switchto"/>
</testsuite> <!-- advance.switchto -->
