<?xml version="1.0" encoding="UTF-8"?>
<!-- Generated by org.testng.reporters.JUnitReportReporter -->
<testsuite skipped="1" hostname="CDC2-D-6S9HH92" name="advance.NewTest" tests="3" failures="0" timestamp="30 Jul 2019 05:07:16 GMT" time="0.016" errors="0">
  <testcase name="f" time="0.016" classname="advance.NewTest"/>
  <testcase name="f2" time="0.000" classname="advance.NewTest"/>
  <testcase name="f1" classname="advance.NewTest">
    <skipped/>
  </testcase> <!-- f1 -->
</testsuite> <!-- advance.NewTest -->
