<?xml version="1.0" encoding="UTF-8"?>
<!-- Generated by org.testng.reporters.JUnitReportReporter -->
<testsuite skipped="0" hostname="CDC2-D-6S9HH92" name="advance.robotclass" tests="1" failures="0" timestamp="02 Aug 2019 06:03:10 GMT" time="32.166" errors="0">
  <testcase name="f" time="32.166" classname="advance.robotclass"/>
</testsuite> <!-- advance.robotclass -->
