<?xml version="1.0" encoding="UTF-8"?>
<!-- Generated by org.testng.reporters.JUnitReportReporter -->
<testsuite skipped="0" hostname="CDC2-D-6S9HH92" name="advance.exceldatawithwebsite" tests="1" failures="0" timestamp="01 Aug 2019 04:10:30 GMT" time="22.773" errors="0">
  <testcase name="readdata" time="22.773" classname="advance.exceldatawithwebsite"/>
</testsuite> <!-- advance.exceldatawithwebsite -->
